<?xml version="1.0" encoding="UTF-8"?>
<!-- Generated by org.testng.reporters.JUnitReportReporter -->
<testsuite skipped="0" hostname="DESKTOP-SH9FNBM" name="com.inetBanking.testCases.TC_LoginTest_001" tests="1" failures="0" timestamp="2022-11-22T11:07:09 PST" time="1.405" errors="0">
  <testcase name="loginTest" time="1.405" classname="com.inetBanking.testCases.TC_LoginTest_001"/>
  <system-out/>
</testsuite> <!-- com.inetBanking.testCases.TC_LoginTest_001 -->
